{"C:\\Users\\oseje\\CS496\\CS495-Software-Project-Proposal-Population-Model-Calculator\\backend\\db.js": {"path":"C:\\Users\\oseje\\CS496\\CS495-Software-Project-Proposal-Population-Model-Calculator\\backend\\db.js","statementMap":{"0":{"start":{"line":5,"column":0},"end":{"line":5,"column":16}},"1":{"start":{"line":6,"column":19},"end":{"line":6,"column":22}},"2":{"start":{"line":9,"column":15},"end":{"line":15,"column":2}},"3":{"start":{"line":18,"column":4},"end":{"line":23,"column":5}},"4":{"start":{"line":19,"column":8},"end":{"line":19,"column":31}},"5":{"start":{"line":20,"column":8},"end":{"line":20,"column":61}},"6":{"start":{"line":22,"column":8},"end":{"line":22,"column":53}}},"fnMap":{"0":{"name":"connectDB","decl":{"start":{"line":17,"column":15},"end":{"line":17,"column":24}},"loc":{"start":{"line":17,"column":27},"end":{"line":24,"column":1}},"line":17}},"branchMap":{},"s":{"0":1,"1":1,"2":1,"3":1,"4":1,"5":1,"6":0},"f":{"0":1},"b":{},"_coverageSchema":"1a1c01bbd47fc00a2c39e90264f33305004495a9","hash":"6b83ca663b09f810fe6c7ec24cb3cd37c7dbf478"}
,"C:\\Users\\oseje\\CS496\\CS495-Software-Project-Proposal-Population-Model-Calculator\\backend\\src\\controllers\\userControllers.js": {"path":"C:\\Users\\oseje\\CS496\\CS495-Software-Project-Proposal-Population-Model-Calculator\\backend\\src\\controllers\\userControllers.js","statementMap":{"0":{"start":{"line":5,"column":58},"end":{"line":5,"column":66}},"1":{"start":{"line":7,"column":4},"end":{"line":36,"column":5}},"2":{"start":{"line":9,"column":8},"end":{"line":11,"column":9}},"3":{"start":{"line":10,"column":12},"end":{"line":10,"column":78}},"4":{"start":{"line":13,"column":31},"end":{"line":13,"column":62}},"5":{"start":{"line":14,"column":26},"end":{"line":14,"column":39}},"6":{"start":{"line":17,"column":8},"end":{"line":19,"column":9}},"7":{"start":{"line":18,"column":12},"end":{"line":18,"column":66}},"8":{"start":{"line":22,"column":29},"end":{"line":22,"column":96}},"9":{"start":{"line":23,"column":8},"end":{"line":25,"column":9}},"10":{"start":{"line":24,"column":12},"end":{"line":24,"column":75}},"11":{"start":{"line":27,"column":8},"end":{"line":30,"column":10}},"12":{"start":{"line":32,"column":8},"end":{"line":32,"column":71}},"13":{"start":{"line":34,"column":8},"end":{"line":34,"column":27}},"14":{"start":{"line":35,"column":8},"end":{"line":35,"column":63}}},"fnMap":{"0":{"name":"createUser","decl":{"start":{"line":4,"column":22},"end":{"line":4,"column":32}},"loc":{"start":{"line":4,"column":43},"end":{"line":37,"column":1}},"line":4}},"branchMap":{"0":{"loc":{"start":{"line":9,"column":8},"end":{"line":11,"column":9}},"type":"if","locations":[{"start":{"line":9,"column":8},"end":{"line":11,"column":9}},{"start":{},"end":{}}],"line":9},"1":{"loc":{"start":{"line":9,"column":12},"end":{"line":9,"column":66}},"type":"binary-expr","locations":[{"start":{"line":9,"column":12},"end":{"line":9,"column":22}},{"start":{"line":9,"column":26},"end":{"line":9,"column":35}},{"start":{"line":9,"column":39},"end":{"line":9,"column":43}},{"start":{"line":9,"column":47},"end":{"line":9,"column":53}},{"start":{"line":9,"column":57},"end":{"line":9,"column":66}}],"line":9},"2":{"loc":{"start":{"line":17,"column":8},"end":{"line":19,"column":9}},"type":"if","locations":[{"start":{"line":17,"column":8},"end":{"line":19,"column":9}},{"start":{},"end":{}}],"line":17},"3":{"loc":{"start":{"line":23,"column":8},"end":{"line":25,"column":9}},"type":"if","locations":[{"start":{"line":23,"column":8},"end":{"line":25,"column":9}},{"start":{},"end":{}}],"line":23}},"s":{"0":2,"1":2,"2":2,"3":2,"4":0,"5":0,"6":0,"7":0,"8":0,"9":0,"10":0,"11":0,"12":0,"13":0,"14":0},"f":{"0":2},"b":{"0":[2,0],"1":[2,0,0,0,0],"2":[0,0],"3":[0,0]},"_coverageSchema":"1a1c01bbd47fc00a2c39e90264f33305004495a9","hash":"40903a841743ff89e746038a61741ad2d66da3e0"}
,"C:\\Users\\oseje\\CS496\\CS495-Software-Project-Proposal-Population-Model-Calculator\\backend\\src\\services\\DiscreteGrowthModel.js": {"path":"C:\\Users\\oseje\\CS496\\CS495-Software-Project-Proposal-Population-Model-Calculator\\backend\\src\\services\\DiscreteGrowthModel.js","statementMap":{"0":{"start":{"line":8,"column":8},"end":{"line":8,"column":51}},"1":{"start":{"line":9,"column":8},"end":{"line":9,"column":47}},"2":{"start":{"line":10,"column":8},"end":{"line":10,"column":94}},"3":{"start":{"line":11,"column":8},"end":{"line":11,"column":66}},"4":{"start":{"line":12,"column":8},"end":{"line":12,"column":55}},"5":{"start":{"line":13,"column":8},"end":{"line":13,"column":27}},"6":{"start":{"line":17,"column":24},"end":{"line":17,"column":26}},"7":{"start":{"line":18,"column":24},"end":{"line":18,"column":26}},"8":{"start":{"line":19,"column":29},"end":{"line":19,"column":31}},"9":{"start":{"line":25,"column":8},"end":{"line":76,"column":9}},"10":{"start":{"line":26,"column":12},"end":{"line":28,"column":13}},"11":{"start":{"line":26,"column":25},"end":{"line":26,"column":26}},"12":{"start":{"line":27,"column":16},"end":{"line":27,"column":34}},"13":{"start":{"line":29,"column":12},"end":{"line":50,"column":13}},"14":{"start":{"line":30,"column":16},"end":{"line":34,"column":19}},"15":{"start":{"line":31,"column":42},"end":{"line":31,"column":101}},"16":{"start":{"line":32,"column":20},"end":{"line":32,"column":79}},"17":{"start":{"line":33,"column":20},"end":{"line":33,"column":85}},"18":{"start":{"line":35,"column":16},"end":{"line":39,"column":19}},"19":{"start":{"line":36,"column":37},"end":{"line":36,"column":96}},"20":{"start":{"line":37,"column":20},"end":{"line":37,"column":69}},"21":{"start":{"line":38,"column":20},"end":{"line":38,"column":74}},"22":{"start":{"line":41,"column":17},"end":{"line":50,"column":13}},"23":{"start":{"line":42,"column":16},"end":{"line":45,"column":19}},"24":{"start":{"line":43,"column":42},"end":{"line":43,"column":101}},"25":{"start":{"line":44,"column":20},"end":{"line":44,"column":79}},"26":{"start":{"line":46,"column":16},"end":{"line":49,"column":19}},"27":{"start":{"line":47,"column":37},"end":{"line":47,"column":96}},"28":{"start":{"line":48,"column":20},"end":{"line":48,"column":69}},"29":{"start":{"line":51,"column":15},"end":{"line":76,"column":9}},"30":{"start":{"line":52,"column":12},"end":{"line":58,"column":13}},"31":{"start":{"line":53,"column":21},"end":{"line":53,"column":102}},"32":{"start":{"line":54,"column":18},"end":{"line":54,"column":69}},"33":{"start":{"line":55,"column":19},"end":{"line":58,"column":13}},"34":{"start":{"line":56,"column":21},"end":{"line":56,"column":102}},"35":{"start":{"line":57,"column":16},"end":{"line":57,"column":67}},"36":{"start":{"line":60,"column":15},"end":{"line":76,"column":9}},"37":{"start":{"line":61,"column":12},"end":{"line":67,"column":13}},"38":{"start":{"line":62,"column":30},"end":{"line":62,"column":98}},"39":{"start":{"line":63,"column":16},"end":{"line":63,"column":73}},"40":{"start":{"line":64,"column":19},"end":{"line":67,"column":13}},"41":{"start":{"line":65,"column":30},"end":{"line":65,"column":98}},"42":{"start":{"line":66,"column":16},"end":{"line":66,"column":73}},"43":{"start":{"line":68,"column":15},"end":{"line":76,"column":9}},"44":{"start":{"line":69,"column":12},"end":{"line":75,"column":13}},"45":{"start":{"line":70,"column":37},"end":{"line":70,"column":124}},"46":{"start":{"line":71,"column":16},"end":{"line":71,"column":88}},"47":{"start":{"line":72,"column":19},"end":{"line":75,"column":13}},"48":{"start":{"line":73,"column":37},"end":{"line":73,"column":124}},"49":{"start":{"line":74,"column":16},"end":{"line":74,"column":88}},"50":{"start":{"line":77,"column":8},"end":{"line":77,"column":39}},"51":{"start":{"line":81,"column":8},"end":{"line":81,"column":40}}},"fnMap":{"0":{"name":"(anonymous_0)","decl":{"start":{"line":6,"column":4},"end":{"line":6,"column":5}},"loc":{"start":{"line":7,"column":52},"end":{"line":14,"column":5}},"line":7},"1":{"name":"(anonymous_1)","decl":{"start":{"line":16,"column":4},"end":{"line":16,"column":5}},"loc":{"start":{"line":16,"column":24},"end":{"line":78,"column":5}},"line":16},"2":{"name":"(anonymous_2)","decl":{"start":{"line":30,"column":34},"end":{"line":30,"column":35}},"loc":{"start":{"line":30,"column":39},"end":{"line":34,"column":17}},"line":30},"3":{"name":"(anonymous_3)","decl":{"start":{"line":35,"column":34},"end":{"line":35,"column":35}},"loc":{"start":{"line":35,"column":39},"end":{"line":39,"column":17}},"line":35},"4":{"name":"(anonymous_4)","decl":{"start":{"line":42,"column":34},"end":{"line":42,"column":35}},"loc":{"start":{"line":42,"column":39},"end":{"line":45,"column":17}},"line":42},"5":{"name":"(anonymous_5)","decl":{"start":{"line":46,"column":34},"end":{"line":46,"column":35}},"loc":{"start":{"line":46,"column":39},"end":{"line":49,"column":17}},"line":46},"6":{"name":"(anonymous_6)","decl":{"start":{"line":80,"column":4},"end":{"line":80,"column":5}},"loc":{"start":{"line":80,"column":21},"end":{"line":82,"column":5}},"line":80}},"branchMap":{"0":{"loc":{"start":{"line":25,"column":8},"end":{"line":76,"column":9}},"type":"if","locations":[{"start":{"line":25,"column":8},"end":{"line":76,"column":9}},{"start":{"line":51,"column":15},"end":{"line":76,"column":9}}],"line":25},"1":{"loc":{"start":{"line":29,"column":12},"end":{"line":50,"column":13}},"type":"if","locations":[{"start":{"line":29,"column":12},"end":{"line":50,"column":13}},{"start":{"line":41,"column":17},"end":{"line":50,"column":13}}],"line":29},"2":{"loc":{"start":{"line":41,"column":17},"end":{"line":50,"column":13}},"type":"if","locations":[{"start":{"line":41,"column":17},"end":{"line":50,"column":13}},{"start":{},"end":{}}],"line":41},"3":{"loc":{"start":{"line":51,"column":15},"end":{"line":76,"column":9}},"type":"if","locations":[{"start":{"line":51,"column":15},"end":{"line":76,"column":9}},{"start":{"line":60,"column":15},"end":{"line":76,"column":9}}],"line":51},"4":{"loc":{"start":{"line":52,"column":12},"end":{"line":58,"column":13}},"type":"if","locations":[{"start":{"line":52,"column":12},"end":{"line":58,"column":13}},{"start":{"line":55,"column":19},"end":{"line":58,"column":13}}],"line":52},"5":{"loc":{"start":{"line":55,"column":19},"end":{"line":58,"column":13}},"type":"if","locations":[{"start":{"line":55,"column":19},"end":{"line":58,"column":13}},{"start":{},"end":{}}],"line":55},"6":{"loc":{"start":{"line":60,"column":15},"end":{"line":76,"column":9}},"type":"if","locations":[{"start":{"line":60,"column":15},"end":{"line":76,"column":9}},{"start":{"line":68,"column":15},"end":{"line":76,"column":9}}],"line":60},"7":{"loc":{"start":{"line":61,"column":12},"end":{"line":67,"column":13}},"type":"if","locations":[{"start":{"line":61,"column":12},"end":{"line":67,"column":13}},{"start":{"line":64,"column":19},"end":{"line":67,"column":13}}],"line":61},"8":{"loc":{"start":{"line":64,"column":19},"end":{"line":67,"column":13}},"type":"if","locations":[{"start":{"line":64,"column":19},"end":{"line":67,"column":13}},{"start":{},"end":{}}],"line":64},"9":{"loc":{"start":{"line":68,"column":15},"end":{"line":76,"column":9}},"type":"if","locations":[{"start":{"line":68,"column":15},"end":{"line":76,"column":9}},{"start":{},"end":{}}],"line":68},"10":{"loc":{"start":{"line":69,"column":12},"end":{"line":75,"column":13}},"type":"if","locations":[{"start":{"line":69,"column":12},"end":{"line":75,"column":13}},{"start":{"line":72,"column":19},"end":{"line":75,"column":13}}],"line":69},"11":{"loc":{"start":{"line":72,"column":19},"end":{"line":75,"column":13}},"type":"if","locations":[{"start":{"line":72,"column":19},"end":{"line":75,"column":13}},{"start":{},"end":{}}],"line":72}},"s":{"0":3,"1":3,"2":3,"3":3,"4":3,"5":0,"6":0,"7":0,"8":0,"9":0,"10":0,"11":0,"12":0,"13":0,"14":0,"15":0,"16":0,"17":0,"18":0,"19":0,"20":0,"21":0,"22":0,"23":0,"24":0,"25":0,"26":0,"27":0,"28":0,"29":0,"30":0,"31":0,"32":0,"33":0,"34":0,"35":0,"36":0,"37":0,"38":0,"39":0,"40":0,"41":0,"42":0,"43":0,"44":0,"45":0,"46":0,"47":0,"48":0,"49":0,"50":0,"51":0},"f":{"0":3,"1":0,"2":0,"3":0,"4":0,"5":0,"6":0},"b":{"0":[0,0],"1":[0,0],"2":[0,0],"3":[0,0],"4":[0,0],"5":[0,0],"6":[0,0],"7":[0,0],"8":[0,0],"9":[0,0],"10":[0,0],"11":[0,0]},"_coverageSchema":"1a1c01bbd47fc00a2c39e90264f33305004495a9","hash":"ecf0b82efa6049c85d99f7e8b99ade20adc6d607"}
,"C:\\Users\\oseje\\CS496\\CS495-Software-Project-Proposal-Population-Model-Calculator\\backend\\src\\services\\LogisticGrowthModel.js": {"path":"C:\\Users\\oseje\\CS496\\CS495-Software-Project-Proposal-Population-Model-Calculator\\backend\\src\\services\\LogisticGrowthModel.js","statementMap":{"0":{"start":{"line":9,"column":8},"end":{"line":9,"column":51}},"1":{"start":{"line":10,"column":8},"end":{"line":10,"column":47}},"2":{"start":{"line":11,"column":8},"end":{"line":11,"column":49}},"3":{"start":{"line":12,"column":8},"end":{"line":12,"column":94}},"4":{"start":{"line":13,"column":8},"end":{"line":13,"column":66}},"5":{"start":{"line":14,"column":8},"end":{"line":14,"column":55}},"6":{"start":{"line":18,"column":24},"end":{"line":18,"column":26}},"7":{"start":{"line":19,"column":24},"end":{"line":19,"column":26}},"8":{"start":{"line":20,"column":29},"end":{"line":20,"column":31}},"9":{"start":{"line":21,"column":17},"end":{"line":21,"column":39}},"10":{"start":{"line":22,"column":17},"end":{"line":22,"column":37}},"11":{"start":{"line":23,"column":16},"end":{"line":23,"column":31}},"12":{"start":{"line":24,"column":16},"end":{"line":24,"column":37}},"13":{"start":{"line":25,"column":18},"end":{"line":25,"column":27}},"14":{"start":{"line":32,"column":24},"end":{"line":32,"column":42}},"15":{"start":{"line":34,"column":8},"end":{"line":63,"column":9}},"16":{"start":{"line":35,"column":12},"end":{"line":35,"column":64}},"17":{"start":{"line":36,"column":12},"end":{"line":36,"column":54}},"18":{"start":{"line":38,"column":13},"end":{"line":63,"column":9}},"19":{"start":{"line":39,"column":12},"end":{"line":39,"column":53}},"20":{"start":{"line":40,"column":12},"end":{"line":40,"column":54}},"21":{"start":{"line":42,"column":13},"end":{"line":63,"column":9}},"22":{"start":{"line":43,"column":12},"end":{"line":43,"column":53}},"23":{"start":{"line":44,"column":12},"end":{"line":44,"column":55}},"24":{"start":{"line":46,"column":13},"end":{"line":63,"column":9}},"25":{"start":{"line":47,"column":23},"end":{"line":47,"column":57}},"26":{"start":{"line":48,"column":12},"end":{"line":48,"column":56}},"27":{"start":{"line":50,"column":13},"end":{"line":63,"column":9}},"28":{"start":{"line":52,"column":16},"end":{"line":54,"column":17}},"29":{"start":{"line":52,"column":29},"end":{"line":52,"column":30}},"30":{"start":{"line":53,"column":20},"end":{"line":53,"column":38}},"31":{"start":{"line":55,"column":16},"end":{"line":58,"column":19}},"32":{"start":{"line":56,"column":42},"end":{"line":56,"column":86}},"33":{"start":{"line":57,"column":20},"end":{"line":57,"column":79}},"34":{"start":{"line":59,"column":16},"end":{"line":62,"column":15}},"35":{"start":{"line":60,"column":37},"end":{"line":60,"column":81}},"36":{"start":{"line":61,"column":20},"end":{"line":61,"column":74}},"37":{"start":{"line":64,"column":8},"end":{"line":64,"column":39}},"38":{"start":{"line":69,"column":8},"end":{"line":69,"column":46}}},"fnMap":{"0":{"name":"(anonymous_0)","decl":{"start":{"line":7,"column":4},"end":{"line":7,"column":5}},"loc":{"start":{"line":8,"column":68},"end":{"line":15,"column":5}},"line":8},"1":{"name":"(anonymous_1)","decl":{"start":{"line":17,"column":4},"end":{"line":17,"column":5}},"loc":{"start":{"line":17,"column":30},"end":{"line":65,"column":5}},"line":17},"2":{"name":"(anonymous_2)","decl":{"start":{"line":55,"column":34},"end":{"line":55,"column":35}},"loc":{"start":{"line":55,"column":39},"end":{"line":58,"column":17}},"line":55},"3":{"name":"(anonymous_3)","decl":{"start":{"line":59,"column":28},"end":{"line":59,"column":29}},"loc":{"start":{"line":59,"column":33},"end":{"line":62,"column":13}},"line":59},"4":{"name":"(anonymous_4)","decl":{"start":{"line":68,"column":4},"end":{"line":68,"column":5}},"loc":{"start":{"line":68,"column":21},"end":{"line":70,"column":5}},"line":68}},"branchMap":{"0":{"loc":{"start":{"line":34,"column":8},"end":{"line":63,"column":9}},"type":"if","locations":[{"start":{"line":34,"column":8},"end":{"line":63,"column":9}},{"start":{"line":38,"column":13},"end":{"line":63,"column":9}}],"line":34},"1":{"loc":{"start":{"line":38,"column":13},"end":{"line":63,"column":9}},"type":"if","locations":[{"start":{"line":38,"column":13},"end":{"line":63,"column":9}},{"start":{"line":42,"column":13},"end":{"line":63,"column":9}}],"line":38},"2":{"loc":{"start":{"line":42,"column":13},"end":{"line":63,"column":9}},"type":"if","locations":[{"start":{"line":42,"column":13},"end":{"line":63,"column":9}},{"start":{"line":46,"column":13},"end":{"line":63,"column":9}}],"line":42},"3":{"loc":{"start":{"line":46,"column":13},"end":{"line":63,"column":9}},"type":"if","locations":[{"start":{"line":46,"column":13},"end":{"line":63,"column":9}},{"start":{"line":50,"column":13},"end":{"line":63,"column":9}}],"line":46},"4":{"loc":{"start":{"line":50,"column":13},"end":{"line":63,"column":9}},"type":"if","locations":[{"start":{"line":50,"column":13},"end":{"line":63,"column":9}},{"start":{},"end":{}}],"line":50}},"s":{"0":2,"1":2,"2":2,"3":2,"4":0,"5":0,"6":0,"7":0,"8":0,"9":0,"10":0,"11":0,"12":0,"13":0,"14":0,"15":0,"16":0,"17":0,"18":0,"19":0,"20":0,"21":0,"22":0,"23":0,"24":0,"25":0,"26":0,"27":0,"28":0,"29":0,"30":0,"31":0,"32":0,"33":0,"34":0,"35":0,"36":0,"37":0,"38":0},"f":{"0":2,"1":0,"2":0,"3":0,"4":0},"b":{"0":[0,0],"1":[0,0],"2":[0,0],"3":[0,0],"4":[0,0]},"_coverageSchema":"1a1c01bbd47fc00a2c39e90264f33305004495a9","hash":"08699b2b020a5f26fcdc4bea72255bfe34496df2"}
,"C:\\Users\\oseje\\CS496\\CS495-Software-Project-Proposal-Population-Model-Calculator\\backend\\src\\services\\PopulationGrowthRate.js": {"path":"C:\\Users\\oseje\\CS496\\CS495-Software-Project-Proposal-Population-Model-Calculator\\backend\\src\\services\\PopulationGrowthRate.js","statementMap":{"0":{"start":{"line":6,"column":8},"end":{"line":6,"column":51}},"1":{"start":{"line":7,"column":8},"end":{"line":7,"column":47}},"2":{"start":{"line":11,"column":8},"end":{"line":13,"column":9}},"3":{"start":{"line":12,"column":12},"end":{"line":12,"column":77}},"4":{"start":{"line":14,"column":35},"end":{"line":14,"column":107}},"5":{"start":{"line":15,"column":8},"end":{"line":15,"column":33}},"6":{"start":{"line":19,"column":8},"end":{"line":21,"column":9}},"7":{"start":{"line":20,"column":12},"end":{"line":20,"column":77}},"8":{"start":{"line":22,"column":27},"end":{"line":22,"column":107}},"9":{"start":{"line":23,"column":8},"end":{"line":23,"column":26}}},"fnMap":{"0":{"name":"(anonymous_0)","decl":{"start":{"line":5,"column":4},"end":{"line":5,"column":5}},"loc":{"start":{"line":5,"column":52},"end":{"line":8,"column":5}},"line":5},"1":{"name":"(anonymous_1)","decl":{"start":{"line":10,"column":4},"end":{"line":10,"column":5}},"loc":{"start":{"line":10,"column":24},"end":{"line":16,"column":5}},"line":10},"2":{"name":"(anonymous_2)","decl":{"start":{"line":18,"column":4},"end":{"line":18,"column":5}},"loc":{"start":{"line":18,"column":27},"end":{"line":24,"column":5}},"line":18}},"branchMap":{"0":{"loc":{"start":{"line":11,"column":8},"end":{"line":13,"column":9}},"type":"if","locations":[{"start":{"line":11,"column":8},"end":{"line":13,"column":9}},{"start":{},"end":{}}],"line":11},"1":{"loc":{"start":{"line":19,"column":8},"end":{"line":21,"column":9}},"type":"if","locations":[{"start":{"line":19,"column":8},"end":{"line":21,"column":9}},{"start":{},"end":{}}],"line":19}},"s":{"0":3,"1":3,"2":1,"3":0,"4":1,"5":1,"6":2,"7":1,"8":1,"9":1},"f":{"0":3,"1":1,"2":2},"b":{"0":[0,1],"1":[1,1]},"_coverageSchema":"1a1c01bbd47fc00a2c39e90264f33305004495a9","hash":"91ca9a327c936f11940bed8a5a05a3c917691e37"}
,"C:\\Users\\oseje\\CS496\\CS495-Software-Project-Proposal-Population-Model-Calculator\\backend\\src\\utils.js\\GrowthRate.js": {"path":"C:\\Users\\oseje\\CS496\\CS495-Software-Project-Proposal-Population-Model-Calculator\\backend\\src\\utils.js\\GrowthRate.js","statementMap":{"0":{"start":{"line":10,"column":8},"end":{"line":10,"column":35}},"1":{"start":{"line":11,"column":8},"end":{"line":11,"column":35}},"2":{"start":{"line":12,"column":8},"end":{"line":12,"column":37}},"3":{"start":{"line":16,"column":8},"end":{"line":45,"column":9}},"4":{"start":{"line":17,"column":12},"end":{"line":17,"column":35}},"5":{"start":{"line":19,"column":13},"end":{"line":45,"column":9}},"6":{"start":{"line":20,"column":12},"end":{"line":20,"column":35}},"7":{"start":{"line":22,"column":13},"end":{"line":45,"column":9}},"8":{"start":{"line":23,"column":12},"end":{"line":23,"column":35}},"9":{"start":{"line":25,"column":13},"end":{"line":45,"column":9}},"10":{"start":{"line":26,"column":12},"end":{"line":26,"column":35}},"11":{"start":{"line":28,"column":13},"end":{"line":45,"column":9}},"12":{"start":{"line":29,"column":12},"end":{"line":29,"column":24}},"13":{"start":{"line":31,"column":13},"end":{"line":45,"column":9}},"14":{"start":{"line":33,"column":12},"end":{"line":35,"column":13}},"15":{"start":{"line":34,"column":16},"end":{"line":34,"column":83}},"16":{"start":{"line":37,"column":12},"end":{"line":39,"column":13}},"17":{"start":{"line":38,"column":16},"end":{"line":38,"column":55}},"18":{"start":{"line":41,"column":12},"end":{"line":41,"column":51}},"19":{"start":{"line":44,"column":12},"end":{"line":44,"column":129}},"20":{"start":{"line":49,"column":18},"end":{"line":49,"column":44}},"21":{"start":{"line":50,"column":8},"end":{"line":50,"column":56}}},"fnMap":{"0":{"name":"(anonymous_0)","decl":{"start":{"line":9,"column":4},"end":{"line":9,"column":5}},"loc":{"start":{"line":9,"column":50},"end":{"line":13,"column":5}},"line":9},"1":{"name":"(anonymous_1)","decl":{"start":{"line":15,"column":4},"end":{"line":15,"column":5}},"loc":{"start":{"line":15,"column":26},"end":{"line":46,"column":5}},"line":15},"2":{"name":"(anonymous_2)","decl":{"start":{"line":48,"column":4},"end":{"line":48,"column":5}},"loc":{"start":{"line":48,"column":23},"end":{"line":51,"column":5}},"line":48}},"branchMap":{"0":{"loc":{"start":{"line":16,"column":8},"end":{"line":45,"column":9}},"type":"if","locations":[{"start":{"line":16,"column":8},"end":{"line":45,"column":9}},{"start":{"line":19,"column":13},"end":{"line":45,"column":9}}],"line":16},"1":{"loc":{"start":{"line":16,"column":12},"end":{"line":16,"column":89}},"type":"binary-expr","locations":[{"start":{"line":16,"column":12},"end":{"line":16,"column":34}},{"start":{"line":16,"column":38},"end":{"line":16,"column":61}},{"start":{"line":16,"column":65},"end":{"line":16,"column":89}}],"line":16},"2":{"loc":{"start":{"line":19,"column":13},"end":{"line":45,"column":9}},"type":"if","locations":[{"start":{"line":19,"column":13},"end":{"line":45,"column":9}},{"start":{"line":22,"column":13},"end":{"line":45,"column":9}}],"line":19},"3":{"loc":{"start":{"line":19,"column":17},"end":{"line":19,"column":93}},"type":"binary-expr","locations":[{"start":{"line":19,"column":17},"end":{"line":19,"column":41}},{"start":{"line":19,"column":45},"end":{"line":19,"column":67}},{"start":{"line":19,"column":71},"end":{"line":19,"column":93}}],"line":19},"4":{"loc":{"start":{"line":22,"column":13},"end":{"line":45,"column":9}},"type":"if","locations":[{"start":{"line":22,"column":13},"end":{"line":45,"column":9}},{"start":{"line":25,"column":13},"end":{"line":45,"column":9}}],"line":22},"5":{"loc":{"start":{"line":22,"column":17},"end":{"line":22,"column":94}},"type":"binary-expr","locations":[{"start":{"line":22,"column":17},"end":{"line":22,"column":39}},{"start":{"line":22,"column":43},"end":{"line":22,"column":66}},{"start":{"line":22,"column":70},"end":{"line":22,"column":94}}],"line":22},"6":{"loc":{"start":{"line":25,"column":13},"end":{"line":45,"column":9}},"type":"if","locations":[{"start":{"line":25,"column":13},"end":{"line":45,"column":9}},{"start":{"line":28,"column":13},"end":{"line":45,"column":9}}],"line":25},"7":{"loc":{"start":{"line":25,"column":17},"end":{"line":25,"column":95}},"type":"binary-expr","locations":[{"start":{"line":25,"column":17},"end":{"line":25,"column":41}},{"start":{"line":25,"column":45},"end":{"line":25,"column":68}},{"start":{"line":25,"column":72},"end":{"line":25,"column":95}}],"line":25},"8":{"loc":{"start":{"line":28,"column":13},"end":{"line":45,"column":9}},"type":"if","locations":[{"start":{"line":28,"column":13},"end":{"line":45,"column":9}},{"start":{"line":31,"column":13},"end":{"line":45,"column":9}}],"line":28},"9":{"loc":{"start":{"line":28,"column":17},"end":{"line":28,"column":92}},"type":"binary-expr","locations":[{"start":{"line":28,"column":17},"end":{"line":28,"column":40}},{"start":{"line":28,"column":44},"end":{"line":28,"column":66}},{"start":{"line":28,"column":70},"end":{"line":28,"column":92}}],"line":28},"10":{"loc":{"start":{"line":31,"column":13},"end":{"line":45,"column":9}},"type":"if","locations":[{"start":{"line":31,"column":13},"end":{"line":45,"column":9}},{"start":{"line":43,"column":13},"end":{"line":45,"column":9}}],"line":31},"11":{"loc":{"start":{"line":31,"column":17},"end":{"line":31,"column":94}},"type":"binary-expr","locations":[{"start":{"line":31,"column":17},"end":{"line":31,"column":40}},{"start":{"line":31,"column":44},"end":{"line":31,"column":67}},{"start":{"line":31,"column":71},"end":{"line":31,"column":94}}],"line":31},"12":{"loc":{"start":{"line":33,"column":12},"end":{"line":35,"column":13}},"type":"if","locations":[{"start":{"line":33,"column":12},"end":{"line":35,"column":13}},{"start":{},"end":{}}],"line":33},"13":{"loc":{"start":{"line":33,"column":16},"end":{"line":33,"column":56}},"type":"binary-expr","locations":[{"start":{"line":33,"column":16},"end":{"line":33,"column":34}},{"start":{"line":33,"column":38},"end":{"line":33,"column":56}}],"line":33},"14":{"loc":{"start":{"line":37,"column":12},"end":{"line":39,"column":13}},"type":"if","locations":[{"start":{"line":37,"column":12},"end":{"line":39,"column":13}},{"start":{},"end":{}}],"line":37},"15":{"loc":{"start":{"line":50,"column":15},"end":{"line":50,"column":55}},"type":"cond-expr","locations":[{"start":{"line":50,"column":28},"end":{"line":50,"column":48}},{"start":{"line":50,"column":51},"end":{"line":50,"column":55}}],"line":50}},"s":{"0":5,"1":5,"2":5,"3":5,"4":2,"5":3,"6":0,"7":3,"8":0,"9":3,"10":2,"11":1,"12":0,"13":1,"14":1,"15":0,"16":1,"17":0,"18":1,"19":0,"20":5,"21":5},"f":{"0":5,"1":5,"2":5},"b":{"0":[2,3],"1":[5,2,2],"2":[0,3],"3":[3,2,0],"4":[0,3],"5":[3,0,0],"6":[2,1],"7":[3,2,2],"8":[0,1],"9":[1,1,0],"10":[1,0],"11":[1,1,1],"12":[0,1],"13":[1,1],"14":[0,1],"15":[5,0]},"_coverageSchema":"1a1c01bbd47fc00a2c39e90264f33305004495a9","hash":"9d57fe63d37ccd567ab026361a468bac46b279b9"}
,"C:\\Users\\oseje\\CS496\\CS495-Software-Project-Proposal-Population-Model-Calculator\\backend\\src\\utils.js\\TimeChecker.js": {"path":"C:\\Users\\oseje\\CS496\\CS495-Software-Project-Proposal-Population-Model-Calculator\\backend\\src\\utils.js\\TimeChecker.js","statementMap":{"0":{"start":{"line":10,"column":8},"end":{"line":10,"column":25}},"1":{"start":{"line":11,"column":8},"end":{"line":11,"column":37}},"2":{"start":{"line":15,"column":8},"end":{"line":17,"column":9}},"3":{"start":{"line":15,"column":21},"end":{"line":15,"column":22}},"4":{"start":{"line":16,"column":12},"end":{"line":16,"column":43}},"5":{"start":{"line":18,"column":8},"end":{"line":18,"column":20}},"6":{"start":{"line":22,"column":22},"end":{"line":22,"column":23}},"7":{"start":{"line":23,"column":8},"end":{"line":27,"column":9}},"8":{"start":{"line":23,"column":21},"end":{"line":23,"column":22}},"9":{"start":{"line":24,"column":12},"end":{"line":26,"column":13}},"10":{"start":{"line":25,"column":16},"end":{"line":25,"column":39}},"11":{"start":{"line":28,"column":8},"end":{"line":28,"column":23}},"12":{"start":{"line":32,"column":8},"end":{"line":34,"column":9}},"13":{"start":{"line":33,"column":12},"end":{"line":33,"column":24}},"14":{"start":{"line":36,"column":16},"end":{"line":36,"column":66}},"15":{"start":{"line":38,"column":8},"end":{"line":40,"column":9}},"16":{"start":{"line":39,"column":12},"end":{"line":39,"column":77}},"17":{"start":{"line":42,"column":8},"end":{"line":44,"column":9}},"18":{"start":{"line":43,"column":12},"end":{"line":43,"column":21}},"19":{"start":{"line":47,"column":8},"end":{"line":66,"column":9}},"20":{"start":{"line":48,"column":12},"end":{"line":65,"column":13}},"21":{"start":{"line":49,"column":16},"end":{"line":49,"column":53}},"22":{"start":{"line":51,"column":17},"end":{"line":65,"column":13}},"23":{"start":{"line":52,"column":16},"end":{"line":52,"column":51}},"24":{"start":{"line":54,"column":17},"end":{"line":65,"column":13}},"25":{"start":{"line":55,"column":16},"end":{"line":55,"column":49}},"26":{"start":{"line":57,"column":17},"end":{"line":65,"column":13}},"27":{"start":{"line":58,"column":16},"end":{"line":58,"column":48}},"28":{"start":{"line":60,"column":17},"end":{"line":65,"column":13}},"29":{"start":{"line":61,"column":16},"end":{"line":61,"column":47}},"30":{"start":{"line":63,"column":17},"end":{"line":65,"column":13}},"31":{"start":{"line":64,"column":16},"end":{"line":64,"column":46}},"32":{"start":{"line":67,"column":8},"end":{"line":67,"column":17}}},"fnMap":{"0":{"name":"(anonymous_0)","decl":{"start":{"line":9,"column":4},"end":{"line":9,"column":5}},"loc":{"start":{"line":9,"column":34},"end":{"line":12,"column":5}},"line":9},"1":{"name":"(anonymous_1)","decl":{"start":{"line":14,"column":4},"end":{"line":14,"column":5}},"loc":{"start":{"line":14,"column":34},"end":{"line":19,"column":5}},"line":14},"2":{"name":"(anonymous_2)","decl":{"start":{"line":21,"column":4},"end":{"line":21,"column":5}},"loc":{"start":{"line":21,"column":14},"end":{"line":29,"column":5}},"line":21},"3":{"name":"(anonymous_3)","decl":{"start":{"line":31,"column":4},"end":{"line":31,"column":5}},"loc":{"start":{"line":31,"column":16},"end":{"line":68,"column":5}},"line":31}},"branchMap":{"0":{"loc":{"start":{"line":24,"column":12},"end":{"line":26,"column":13}},"type":"if","locations":[{"start":{"line":24,"column":12},"end":{"line":26,"column":13}},{"start":{},"end":{}}],"line":24},"1":{"loc":{"start":{"line":32,"column":8},"end":{"line":34,"column":9}},"type":"if","locations":[{"start":{"line":32,"column":8},"end":{"line":34,"column":9}},{"start":{},"end":{}}],"line":32},"2":{"loc":{"start":{"line":36,"column":16},"end":{"line":36,"column":66}},"type":"cond-expr","locations":[{"start":{"line":36,"column":43},"end":{"line":36,"column":52}},{"start":{"line":36,"column":55},"end":{"line":36,"column":66}}],"line":36},"3":{"loc":{"start":{"line":38,"column":8},"end":{"line":40,"column":9}},"type":"if","locations":[{"start":{"line":38,"column":8},"end":{"line":40,"column":9}},{"start":{},"end":{}}],"line":38},"4":{"loc":{"start":{"line":42,"column":8},"end":{"line":44,"column":9}},"type":"if","locations":[{"start":{"line":42,"column":8},"end":{"line":44,"column":9}},{"start":{},"end":{}}],"line":42},"5":{"loc":{"start":{"line":47,"column":8},"end":{"line":66,"column":9}},"type":"if","locations":[{"start":{"line":47,"column":8},"end":{"line":66,"column":9}},{"start":{},"end":{}}],"line":47},"6":{"loc":{"start":{"line":48,"column":12},"end":{"line":65,"column":13}},"type":"if","locations":[{"start":{"line":48,"column":12},"end":{"line":65,"column":13}},{"start":{"line":51,"column":17},"end":{"line":65,"column":13}}],"line":48},"7":{"loc":{"start":{"line":51,"column":17},"end":{"line":65,"column":13}},"type":"if","locations":[{"start":{"line":51,"column":17},"end":{"line":65,"column":13}},{"start":{"line":54,"column":17},"end":{"line":65,"column":13}}],"line":51},"8":{"loc":{"start":{"line":54,"column":17},"end":{"line":65,"column":13}},"type":"if","locations":[{"start":{"line":54,"column":17},"end":{"line":65,"column":13}},{"start":{"line":57,"column":17},"end":{"line":65,"column":13}}],"line":54},"9":{"loc":{"start":{"line":57,"column":17},"end":{"line":65,"column":13}},"type":"if","locations":[{"start":{"line":57,"column":17},"end":{"line":65,"column":13}},{"start":{"line":60,"column":17},"end":{"line":65,"column":13}}],"line":57},"10":{"loc":{"start":{"line":60,"column":17},"end":{"line":65,"column":13}},"type":"if","locations":[{"start":{"line":60,"column":17},"end":{"line":65,"column":13}},{"start":{"line":63,"column":17},"end":{"line":65,"column":13}}],"line":60},"11":{"loc":{"start":{"line":63,"column":17},"end":{"line":65,"column":13}},"type":"if","locations":[{"start":{"line":63,"column":17},"end":{"line":65,"column":13}},{"start":{},"end":{}}],"line":63}},"s":{"0":6,"1":6,"2":0,"3":0,"4":0,"5":0,"6":3,"7":3,"8":3,"9":0,"10":0,"11":0,"12":3,"13":3,"14":0,"15":0,"16":0,"17":0,"18":0,"19":0,"20":0,"21":0,"22":0,"23":0,"24":0,"25":0,"26":0,"27":0,"28":0,"29":0,"30":0,"31":0,"32":0},"f":{"0":6,"1":0,"2":3,"3":3},"b":{"0":[0,0],"1":[3,0],"2":[0,0],"3":[0,0],"4":[0,0],"5":[0,0],"6":[0,0],"7":[0,0],"8":[0,0],"9":[0,0],"10":[0,0],"11":[0,0]},"_coverageSchema":"1a1c01bbd47fc00a2c39e90264f33305004495a9","hash":"f1710327db20f896c12f2c27e7415590eea6c422"}
}
