TN:
SF:db.js
FN:14,connectDB
FNF:1
FNH:1
FNDA:1,connectDB
DA:3,1
DA:6,1
DA:15,1
DA:16,1
DA:17,1
DA:19,0
LF:6
LH:5
BRF:0
BRH:0
end_of_record
TN:
SF:src\controllers\userControllers.js
FN:4,createUser
FNF:1
FNH:1
FNDA:2,createUser
DA:5,2
DA:6,2
DA:7,2
DA:11,0
DA:15,2
DA:16,2
LF:6
LH:5
BRF:0
BRH:0
end_of_record
TN:
SF:src\services\DiscreteGrowthModel.js
FN:3,(anonymous_0)
FN:11,(anonymous_1)
FN:15,(anonymous_2)
FN:23,(anonymous_3)
FN:29,(anonymous_4)
FN:68,(anonymous_5)
FNF:6
FNH:4
FNDA:3,(anonymous_0)
FNDA:3,(anonymous_1)
FNDA:12,(anonymous_2)
FNDA:3,(anonymous_3)
FNDA:0,(anonymous_4)
FNDA:0,(anonymous_5)
DA:4,3
DA:5,3
DA:6,3
DA:7,3
DA:8,3
DA:12,3
DA:13,3
DA:15,12
DA:16,3
DA:17,0
DA:20,3
DA:22,1
DA:23,1
DA:24,3
DA:25,3
DA:27,1
DA:28,0
DA:29,0
DA:30,0
DA:31,0
DA:33,0
DA:35,2
DA:36,1
DA:37,0
DA:38,0
DA:39,0
DA:40,1
DA:41,1
DA:42,1
DA:43,1
DA:45,1
DA:46,1
DA:47,1
DA:48,1
DA:49,1
DA:50,0
DA:51,0
DA:52,0
DA:53,0
DA:55,0
DA:56,0
DA:57,0
DA:58,0
DA:59,0
DA:60,0
DA:61,0
DA:62,0
DA:63,0
DA:69,0
LF:49
LH:26
BRDA:7,0,0,1
BRDA:7,0,1,2
BRDA:13,1,0,3
BRDA:13,1,1,0
BRDA:16,2,0,0
BRDA:16,2,1,3
BRDA:20,3,0,1
BRDA:20,3,1,2
BRDA:22,4,0,1
BRDA:22,4,1,0
BRDA:28,5,0,0
BRDA:28,5,1,0
BRDA:35,6,0,1
BRDA:35,6,1,1
BRDA:36,7,0,0
BRDA:36,7,1,1
BRDA:40,8,0,1
BRDA:40,8,1,0
BRDA:45,9,0,1
BRDA:45,9,1,0
BRDA:46,10,0,1
BRDA:46,10,1,0
BRDA:50,11,0,0
BRDA:50,11,1,0
BRDA:55,12,0,0
BRDA:55,12,1,0
BRDA:56,13,0,0
BRDA:56,13,1,0
BRDA:60,14,0,0
BRDA:60,14,1,0
BRF:30
BRH:13
end_of_record
TN:
SF:src\services\ExponentialGrowthModel.js
FN:4,(anonymous_0)
FN:12,(anonymous_1)
FN:18,(anonymous_2)
FN:25,(anonymous_3)
FN:28,(anonymous_4)
FNF:5
FNH:5
FNDA:2,(anonymous_0)
FNDA:1,(anonymous_1)
FNDA:1,(anonymous_2)
FNDA:8,(anonymous_3)
FNDA:2,(anonymous_4)
DA:5,2
DA:6,2
DA:7,2
DA:8,2
DA:9,2
DA:13,1
DA:14,1
DA:15,1
DA:19,1
DA:20,1
DA:21,1
DA:26,8
DA:29,2
DA:31,2
DA:32,0
DA:35,2
DA:36,1
DA:38,1
DA:40,3
DA:42,3
DA:48,1
DA:50,1
DA:52,3
DA:54,3
DA:61,0
DA:64,2
LF:26
LH:24
BRDA:31,0,0,0
BRDA:31,0,1,2
BRDA:35,1,0,1
BRDA:35,1,1,1
BRDA:48,2,0,1
BRDA:48,2,1,0
BRF:6
BRH:4
end_of_record
TN:
SF:src\services\LogisticGrowthModel.js
FN:3,(anonymous_0)
FN:9,(anonymous_1)
FN:26,(anonymous_2)
FNF:3
FNH:3
FNDA:2,(anonymous_0)
FNDA:2,(anonymous_1)
FNDA:3,(anonymous_2)
DA:4,2
DA:5,2
DA:6,2
DA:10,2
DA:11,2
DA:12,2
DA:14,2
DA:15,1
DA:18,1
DA:19,0
DA:20,0
DA:23,1
DA:24,3
DA:26,1
DA:27,3
DA:28,3
LF:16
LH:14
BRDA:14,0,0,1
BRDA:14,0,1,1
BRDA:18,1,0,0
BRDA:18,1,1,1
BRF:4
BRH:3
end_of_record
TN:
SF:src\services\PopulationGrowthRate.js
FN:5,(anonymous_0)
FN:10,(anonymous_1)
FN:18,(anonymous_2)
FNF:3
FNH:3
FNDA:3,(anonymous_0)
FNDA:1,(anonymous_1)
FNDA:2,(anonymous_2)
DA:6,3
DA:7,3
DA:11,1
DA:12,0
DA:14,1
DA:15,1
DA:19,2
DA:20,1
DA:22,1
DA:23,1
LF:10
LH:9
BRDA:11,0,0,0
BRDA:11,0,1,1
BRDA:19,1,0,1
BRDA:19,1,1,1
BRF:4
BRH:3
end_of_record
